GHCi, version 9.0.2: https://www.haskell.org/ghc/  :? for help
Loaded GHCi configuration from /home/risa/bprog2022/.ghci
2022-05-19 15:41:29.037807213
>>> 17*13
221
2022-05-19 15:54:20.180077724
>>> 5*4
20
2022-05-19 15:54:37.191217079
>>> 4+1+2+3
10
2022-05-19 15:55:10.845010089
>>> 5-4-8
-7
2022-05-19 15:55:40.426248077
>>> (5+5)/2
5.0
2022-05-19 15:57:35.797892815
>>> sqrt

<interactive>:6:1: error:
    • No instance for (Show (Double -> Double))
        arising from a use of ‘print’
        (maybe you haven't applied a function to enough arguments?)
    • In a stmt of an interactive GHCi command: print it
2022-05-19 15:58:15.587730691
>>> sqrt 2
1.4142135623730951
2022-05-19 15:59:04.583381476
>>> sqrt 16
4.0
2022-05-19 15:59:34.171657378
>>> double

<interactive>:9:1: error: Variable not in scope: double
2022-05-19 16:02:14.752309083
>>> GHCi, version 9.0.2: https://www.haskell.org/ghc/  :? for help
Loaded GHCi configuration from /home/risa/bprog2022/.ghci
2022-05-26 15:02:29.033038187
>>> maxBound :: Int
9223372036854775807
2022-05-26 15:03:24.738070631
>>> 2 ^ 63 - 1
9223372036854775807
2022-05-26 15:05:11.96070986
>>> minBound :: Int
-9223372036854775808
2022-05-26 15:05:31.32097825
>>> :e src/First.hs
   1  module First where
   2  
   3      double :: Int -> Int
   4      double x = x + x
Ok, no modules loaded.
2022-05-26 15:49:38.194048459
>>> :l src/First.hs
[1 of 1] Compiling First            ( src/First.hs, interpreted )
Ok, one module loaded.
2022-05-26 15:49:38.226871325
>>> :e
   1  module First where
   2  
   3      double :: Int -> Int
   4      double x = x + x
Ok, one module loaded.
2022-05-26 15:56:07.39215265
>>> double 3
6
2022-05-26 15:56:29.466789891
>>> double 123
246
2022-05-26 15:56:42.496716365
>>> double ( 1 + 3 )
8
2022-05-26 15:57:09.677526258
>>> double ( 1 + 2 )
6
2022-05-26 15:57:34.716659581
>>> :q
Leaving GHCi.
GHCi, version 9.0.2: https://www.haskell.org/ghc/  :? for help
Loaded GHCi configuration from /home/risa/bprog2022/.ghci
2022-06-09 14:55:13.949177254
>>> 2 + 3 * 4
14
2022-06-09 14:57:55.09699355
>>> ( 2 + 3 ) * 4
20
2022-06-09 15:00:34.21635814
>>>  :i sqrt
type Floating :: * -> Constraint
class Fractional a => Floating a where
  ...
  sqrt :: a -> a
  ...
  	-- Defined in ‘GHC.Float’
2022-06-09 15:00:56.39528814
>>> sqrt (3 ^ 2 + 4 ^ 2)
5.0
2022-06-09 15:03:56.672461104
>>> sqrt (25 :: Int)

<interactive>:5:1: error:
    • No instance for (Floating Int) arising from a use of ‘sqrt’
    • In the expression: sqrt (25 :: Int)
      In an equation for ‘it’: it = sqrt (25 :: Int)
2022-06-09 15:08:17.301924433
>>> sqrt (25::Double)
5.0
2022-06-09 15:09:47.713799868
>>> hoge 25 :: Int

<interactive>:7:1: error: Variable not in scope: hoge :: t0 -> Int
2022-06-09 15:13:30.802103162
>>> head [1, 2, 3]
1
2022-06-09 15:46:26.735402589
>>> head [3, 1, 4, 1, 5]
3
2022-06-09 15:46:56.248862914
>>> head []
*** Exception: Prelude.head: empty list
2022-06-09 15:48:41.842561025
>>> hoge = [3, 1, 4, 1, 5] :: [Int]
2022-06-09 15:50:33.897720197
>>> hoge
[3,1,4,1,5]
2022-06-09 15:51:09.629380296
>>> head hoge
3
2022-06-09 15:51:26.6024282
>>> tail hoge
[1,4,1,5]
2022-06-09 15:51:33.216950734
>>> tail []
*** Exception: Prelude.tail: empty list
2022-06-09 15:52:30.806486917
>>> hoge !! 0
3
2022-06-09 15:55:12.282987797
>>> hoge 2 !! hoge

<interactive>:17:1: error:
    • Couldn't match expected type: t0 -> [a]
                  with actual type: [Int]
    • The function ‘hoge’ is applied to one value argument,
        but its type ‘[Int]’ has none
      In the first argument of ‘(!!)’, namely ‘hoge 2’
      In the expression: hoge 2 !! hoge
    • Relevant bindings include it :: a (bound at <interactive>:17:1)

<interactive>:17:11: error:
    • Couldn't match expected type ‘Int’ with actual type ‘[Int]’
    • In the second argument of ‘(!!)’, namely ‘hoge’
      In the expression: hoge 2 !! hoge
      In an equation for ‘it’: it = hoge 2 !! hoge
2022-06-09 15:56:26.270271209
>>> take 3 hoge
[3,1,4]
2022-06-09 15:56:41.308223049
>>> hoge
[3,1,4,1,5]
2022-06-09 15:57:01.264618279
>>> drop 3 hoge
[1,5]
2022-06-09 15:57:23.223539495
>>> hoge !! 5
*** Exception: Prelude.!!: index too large
2022-06-09 15:58:54.658395002
>>> take 10 hoge
[3,1,4,1,5]
2022-06-09 15:59:35.552371968
>>> drop 10 hoge
[]
2022-06-09 15:59:45.758499683
>>> length head

<interactive>:24:1: error:
    • No instance for (Foldable ((->) [a0]))
        arising from a use of ‘length’
    • In the expression: length head
      In an equation for ‘it’: it = length head
2022-06-09 16:00:56.898689796
>>> length hoge
5
2022-06-09 16:01:21.438874674
>>> length []
0
2022-06-09 16:01:40.436868312
>>> sum hoge
14
2022-06-09 16:02:18.368165771
>>> product hoge
60
2022-06-09 16:02:34.938704471
>>> hoge ++ hoge
[3,1,4,1,5,3,1,4,1,5]
2022-06-09 16:04:55.375313301
>>> reverse hoge
[5,1,4,1,3]
2022-06-09 16:05:33.648257385
>>> load src/First.hs

<interactive>:31:10: error:
    Not in scope: ‘First.hs’
    No module named ‘First’ is imported.
2022-06-09 16:07:50.775027822
>>> double 3 + 3

<interactive>:32:1: error: Variable not in scope: double :: t0 -> a
2022-06-09 16:08:07.426098569
>>> :e src/First.hs
   1  module First where
   2  
   3      double :: Int -> Int
   4      double x = x + x
Ok, no modules loaded.
2022-06-09 16:09:08.547194883
>>> :load src/First.hs
[1 of 1] Compiling First            ( src/First.hs, interpreted )
Ok, one module loaded.
2022-06-09 16:09:08.585520656
>>> double 3 + 3
9
2022-06-09 16:09:27.281086715
>>> quadruple 2

<interactive>:36:1: error:
    Variable not in scope: quadruple :: t0 -> t
2022-06-09 16:15:57.367201096
>>> git add .

<interactive>:37:10: error:
    parse error (possibly incorrect indentation or mismatched brackets)
2022-06-09 16:17:31.556506477
>>> :
Ok, no modules loaded.
2022-06-09 16:18:27.147501924
>>> :quit
Leaving GHCi.
